[2024-01-25 10:00:15] INFO: Application started successfully
[2024-01-25 10:00:16] INFO: Database connection established
[2024-01-25 10:01:23] WARN: High memory usage detected: 85%
[2024-01-25 10:02:45] ERROR: Failed to connect to payment gateway - Connection timeout
[2024-01-25 10:03:12] INFO: User login: user_id=1
[2024-01-25 10:03:45] ERROR: Database query failed - Deadlock detected
[2024-01-25 10:04:20] INFO: User login: user_id=2
[2024-01-25 10:05:33] WARN: Slow query detected: 3.5 seconds
[2024-01-25 10:06:15] ERROR: Failed to send email notification - SMTP server unreachable
[2024-01-25 10:07:22] INFO: Cache cleared successfully
[2024-01-25 10:08:40] ERROR: Failed to connect to payment gateway - Connection timeout
[2024-01-25 10:09:15] INFO: User login: user_id=3
[2024-01-25 10:10:05] ERROR: API rate limit exceeded for service: analytics
[2024-01-25 10:11:30] WARN: Disk space running low: 12% remaining
[2024-01-25 10:12:18] ERROR: Failed to connect to payment gateway - Connection timeout
[2024-01-25 10:13:45] INFO: Scheduled backup completed
[2024-01-25 10:14:22] ERROR: Database query failed - Table lock timeout
[2024-01-25 10:15:00] ERROR: Failed to process image upload - File size exceeds limit
[2024-01-25 10:16:33] INFO: User logout: user_id=1
[2024-01-25 10:17:12] ERROR: Failed to connect to payment gateway - Connection timeout
[2024-01-25 10:18:44] WARN: SSL certificate expires in 7 days
[2024-01-25 10:19:20] ERROR: Authentication failed for user_id=15 - Invalid credentials
[2024-01-25 10:20:05] INFO: System health check passed
[2024-01-25 10:21:15] ERROR: Failed to connect to payment gateway - Connection timeout
[2024-01-25 10:22:30] ERROR: Session expired for user_id=2
[2024-01-25 10:23:18] INFO: User login: user_id=4
[2024-01-25 10:24:45] ERROR: Failed to load external resource - 404 Not Found
[2024-01-25 10:25:30] ERROR: Database query failed - Connection pool exhausted
[2024-01-25 10:26:12] WARN: High CPU usage detected: 92%
[2024-01-25 10:27:00] ERROR: Failed to connect to payment gateway - Connection timeout
[2024-01-25 10:28:35] INFO: Maintenance mode activated
[2024-01-25 10:29:10] ERROR: Failed to write to log file - Disk full
[2024-01-25 10:30:00] CRITICAL: System overload - Requests being throttled
